[2023-04-15T21:23:19.515135+00:00] slim-app.INFO: Tampon list was viewed. [] {"uid":"eede4e7"}
[2023-04-15T22:49:26.119451+00:00] slim-app.INFO: Users list was viewed. [] {"uid":"df53243"}
[2023-04-16T21:49:35.874616+00:00] slim-app.INFO: ICI. [] {"uid":"d7b25bb"}
[2023-04-16T21:51:54.611127+00:00] slim-app.INFO: ICI. [] {"uid":"869bd21"}
[2023-04-16T21:55:07.469427+00:00] slim-app.INFO: Array ( )  [] {"uid":"fa13671"}
[2023-04-16T21:55:59.569948+00:00] slim-app.INFO: Array (     [Authorization] => Array         (             [0] => Basic ZGFtaWVuOmRhbWllbi1jaGFnbmF1ZA==         )      [User-Agent] => Array         (             [0] => PostmanRuntime/7.32.2         )      [Accept] => Array         (             [0] => */*         )      [Postman-Token] => Array         (             [0] => 7c1ceaa3-f47c-4a83-8c32-90fb7430ccbd         )      [Host] => Array         (             [0] => 192.168.1.100         )      [Accept-Encoding] => Array         (             [0] => gzip, deflate, br         )      [Connection] => Array         (             [0] => keep-alive         )      [Cookie] => Array         (             [0] => PHPSESSID=5et4k5acaneqo1aeedm2kf6v4i         )  )  [] {"uid":"21523d7"}
[2023-04-16T21:57:28.700882+00:00] slim-app.INFO:  [] {"uid":"5004f1f"}
[2023-04-16T21:58:11.153236+00:00] slim-app.INFO: damien [] {"uid":"c1d2864"}
[2023-04-16T21:59:09.043077+00:00] slim-app.INFO: user:damien [] {"uid":"37128a6"}
[2023-04-16T22:01:34.133756+00:00] slim-app.INFO: user:damien [] {"uid":"8b39f1e"}
[2023-04-16T22:03:13.441456+00:00] slim-app.INFO: user:damien [] {"uid":"d1cafa4"}
[2023-04-16T22:03:47.981234+00:00] slim-app.INFO: user:damien [] {"uid":"96e97ae"}
[2023-04-16T22:04:30.486892+00:00] slim-app.INFO: user:damien [] {"uid":"dd1bd45"}
[2023-04-16T22:04:30.499290+00:00] slim-app.INFO: Users list was viewed. [] {"uid":"dd1bd45"}
[2023-04-16T22:05:43.939279+00:00] slim-app.INFO: user:damien [] {"uid":"3e5a6e9"}
[2023-04-16T22:05:43.946663+00:00] slim-app.INFO: Users list was viewed. [] {"uid":"3e5a6e9"}
[2023-04-16T22:11:56.065843+00:00] slim-app.INFO: user:damien [] {"uid":"c96ecd8"}
[2023-04-16T22:11:56.073620+00:00] slim-app.INFO: Users list was viewed. [] {"uid":"c96ecd8"}
[2023-04-16T22:12:18.063030+00:00] slim-app.INFO: user:damien [] {"uid":"f329c00"}
[2023-04-16T22:12:18.068438+00:00] slim-app.INFO: Users list was viewed. [] {"uid":"f329c00"}
[2023-04-16T22:12:41.245326+00:00] slim-app.INFO: user:damien [] {"uid":"e0d5b1f"}
[2023-04-16T22:12:41.251525+00:00] slim-app.INFO: Users list was viewed. [] {"uid":"e0d5b1f"}
[2023-04-16T22:22:02.822091+00:00] slim-app.INFO: user:damien [] {"uid":"f011997"}
[2023-04-16T22:24:07.519977+00:00] slim-app.INFO: user:damien [] {"uid":"19c4dde"}
[2023-04-16T22:24:07.536455+00:00] slim-app.INFO: Users list was viewed. [] {"uid":"19c4dde"}
[2023-04-16T22:26:10.278346+00:00] slim-app.INFO: user:damien [] {"uid":"7ae8165"}
[2023-04-16T22:26:10.290032+00:00] slim-app.INFO: Users list was viewed. [] {"uid":"7ae8165"}
[2023-04-16T22:26:27.647088+00:00] slim-app.INFO: user:damien [] {"uid":"95dbf24"}
[2023-04-16T22:26:27.655587+00:00] slim-app.INFO: Users list was viewed. [] {"uid":"95dbf24"}
[2023-04-16T22:26:30.641165+00:00] slim-app.INFO: user:damien [] {"uid":"43b5e3f"}
[2023-04-16T22:26:30.648213+00:00] slim-app.INFO: Users list was viewed. [] {"uid":"43b5e3f"}
